18/07/2025 16:03:23 |  26848 | INFO     | get_all_condominios            | Iniciando busca de todos os condomínios
18/07/2025 16:03:24 |  26848 | INFO     | get_all_condominios            | Página 1 processada. 50 condomínios encontrados.
18/07/2025 16:03:24 |  26848 | INFO     | get_all_condominios            | Página 2 processada. 50 condomínios encontrados.
18/07/2025 16:03:25 |  26848 | INFO     | get_all_condominios            | Página 3 processada. 50 condomínios encontrados.
18/07/2025 16:03:25 |  26848 | INFO     | get_all_condominios            | Página 4 processada. 50 condomínios encontrados.
18/07/2025 16:03:26 |  26848 | INFO     | get_all_condominios            | Página 5 processada. 50 condomínios encontrados.
18/07/2025 16:03:27 |  26848 | INFO     | get_all_condominios            | Página 6 processada. 50 condomínios encontrados.
18/07/2025 16:03:27 |  26848 | INFO     | get_all_condominios            | Página 7 processada. 50 condomínios encontrados.
18/07/2025 16:03:28 |  26848 | INFO     | get_all_condominios            | Página 8 processada. 50 condomínios encontrados.
18/07/2025 16:03:28 |  26848 | INFO     | get_all_condominios            | Página 9 processada. 50 condomínios encontrados.
18/07/2025 16:03:29 |  26848 | INFO     | get_all_condominios            | Página 10 processada. 50 condomínios encontrados.
18/07/2025 16:03:29 |  26848 | INFO     | get_all_condominios            | Página 11 processada. 50 condomínios encontrados.
18/07/2025 16:03:30 |  26848 | INFO     | get_all_condominios            | Página 12 processada. 50 condomínios encontrados.
18/07/2025 16:03:30 |  26848 | INFO     | get_all_condominios            | Página 13 processada. 50 condomínios encontrados.
18/07/2025 16:03:31 |  26848 | INFO     | get_all_condominios            | Página 14 processada. 11 condomínios encontrados.
18/07/2025 16:03:31 |  26848 | INFO     | get_all_condominios            | Busca de condomínios concluída. Total de 661 condomínios.
18/07/2025 16:03:31 |  26848 | INFO     | main                           | Iniciando a verificação de documentos para todos os condomínios
18/07/2025 16:17:52 |  26848 | ERROR    | get_codigo_from_enderecos      | [{'endereco': '', 'bairro': '0000', 'cep': '00000000', 'cidade': '0000000000000000000000000', 'uf': '00'}, {'endereco': 'PR ITAPEVI  19   101', 'bairro': 'MEIE', 'cep': 'R', 'cidade': '20730090RIO DE JANEIRO', 'uf': 'R'}, {'endereco': 'AVENIDA TIM MAIA  7375 APTO 1', 'bairro': '05 BLO  7  RECR', 'cep': 'EIO DOS', 'cidade': 'BAN22790669RIO DE JANEIRO', 'uf': 'R'}, {'endereco': 'RUA REVERENCIA  400 CASA 08', 'bairro': 'CURI', 'cep': 'CICA', 'cidade': '22780580RIO DE JANEIRO', 'uf': 'R'}, {'endereco': 'RUA SIRACUSA, 179  AP 304', 'bairro': 'IRAJ', 'cep': 'A', 'cidade': '21361460RIO DE JANEIRO', 'uf': 'R'}, {'endereco': 'RUA RACHEL DE QUEIROZ  100 LO', 'bairro': 'TE 52 QD 07BARR', 'cep': 'A DA TIJ', 'cidade': 'UCA22793100RIO DE JANEIRO', 'uf': 'R'}, {'endereco': 'AVENIDA IVO DO PRADO  N  1182', 'bairro': 'APTO 601SAO', 'cep': 'JOSE', 'cidade': '49015070ARACAJU', 'uf': 'S'}, {'endereco': 'AVENIDA IVO DO PRADO  N  1182', 'bairro': 'APTO 601SAO', 'cep': 'JOSE', 'cidade': '49015070ARACAJU', 'uf': 'S'}, {'endereco': 'AVENIDA IVO DO PRADO  N  1182', 'bairro': 'APTO 601SAO', 'cep': 'JOSE', 'cidade': '49015070ARACAJU', 'uf': 'S'}, {'endereco': 'RUA SIRACUSA, 179  AP 304', 'bairro': 'IRAJ', 'cep': 'A', 'cidade': '21361460RIO DE JANEIRO', 'uf': 'R'}, {'endereco': 'RUA RACHEL DE QUEIROZ  100 LO', 'bairro': 'TE 52 QD 07BARR', 'cep': 'A DA TIJ', 'cidade': 'UCA22793100RIO DE JANEIRO', 'uf': 'R'}, {'endereco': 'RUA LAGOA DAS GARCAS  120 APT', 'bairro': 'O 901      BARR', 'cep': 'A DA TIJ', 'cidade': 'UCA22793400RIO DE JANEIRO', 'uf': 'R'}, {'endereco': 'RUA LAGOA DAS GARCAS  120 APT', 'bairro': 'O 901      BARR', 'cep': 'A DA TIJ', 'cidade': 'UCA22793400RIO DE JANEIRO', 'uf': 'R'}, {'endereco': 'EST UNIAO INDUSTRIA  9090', 'bairro': 'ITAI', 'cep': 'PAVA', 'cidade': '25730735PETROPOLIS', 'uf': 'R'}, {'endereco': 'EST UNIAO INDUSTRIA  9090', 'bairro': 'ITAI', 'cep': 'PAVA', 'cidade': '25730735PETROPOLIS', 'uf': 'R'}, {'endereco': 'EST UNIAO INDUSTRIA  9090', 'bairro': 'ITAI', 'cep': 'PAVA', 'cidade': '25730735PETROPOLIS', 'uf': 'R'}, {'endereco': 'RUA MARIZ E BARROS  N  24 APT', 'bairro': 'O 501      ICAR', 'cep': 'AI', 'cidade': '24220121NITEROI', 'uf': 'R'}]
18/07/2025 16:20:56 |  26848 | INFO     | main                           | {'condominio': 1028, 'unidade': 'CASA 0047', 'id_unidade': '25886', 'fl_status_recb': '0', 'fl_remessastatus_recb': '2', 'dt_geracao_recb': '07/03/2025 13:32:41', 'id_recebimento_recb': '190316', 'st_documento_recb': '000/06845328', 'dt_vencimento_recb': '07/15/2025 00:00:00', 'vl_total_recb': '459.89', 'st_label_recb': 'INADIMPLENTE'}
18/07/2025 16:38:06 |  26848 | INFO     | main                           | {'condominio': 23, 'unidade': '0110', 'id_unidade': '21446', 'fl_status_recb': '0', 'fl_remessastatus_recb': '2', 'dt_geracao_recb': '07/03/2025 01:32:12', 'id_recebimento_recb': '154856', 'st_documento_recb': '000/06510802', 'dt_vencimento_recb': '07/10/2025 00:00:00', 'vl_total_recb': '229.43', 'st_label_recb': 'INADIMPLENTE'}
